<?xml version="1.0" encoding="UTF-8"?>
<coverage generated="1626857777234" clover="3.2.0">
  <project timestamp="1626857777234" name="All files">
    <metrics statements="20" coveredstatements="20" conditionals="2" coveredconditionals="2" methods="11" coveredmethods="11" elements="33" coveredelements="33" complexity="0" loc="20" ncloc="20" packages="1" files="2" classes="2"/>
    <file name="classes.js" path="/Users/katiewalker/Documents/nology/translator/scripts/classes.js">
      <metrics statements="18" coveredstatements="18" conditionals="2" coveredconditionals="2" methods="11" coveredmethods="11"/>
      <line num="5" count="2" type="stmt"/>
      <line num="9" count="26" type="cond" truecount="2" falsecount="0"/>
      <line num="10" count="2" type="stmt"/>
      <line num="12" count="24" type="stmt"/>
      <line num="20" count="1" type="stmt"/>
      <line num="24" count="5" type="stmt"/>
      <line num="28" count="3" type="stmt"/>
      <line num="29" count="3" type="stmt"/>
      <line num="30" count="17" type="stmt"/>
      <line num="32" count="3" type="stmt"/>
      <line num="38" count="1" type="stmt"/>
      <line num="42" count="3" type="stmt"/>
      <line num="43" count="3" type="stmt"/>
      <line num="47" count="1" type="stmt"/>
      <line num="48" count="5" type="stmt"/>
      <line num="49" count="1" type="stmt"/>
      <line num="50" count="3" type="stmt"/>
      <line num="52" count="1" type="stmt"/>
    </file>
    <file name="maps.js" path="/Users/katiewalker/Documents/nology/translator/scripts/maps.js">
      <metrics statements="2" coveredstatements="2" conditionals="0" coveredconditionals="0" methods="0" coveredmethods="0"/>
      <line num="1" count="1" type="stmt"/>
      <line num="30" count="1" type="stmt"/>
    </file>
  </project>
</coverage>
