TN:
SF:scripts/classes.js
FN:4,(anonymous_0)
FN:8,(anonymous_1)
FN:19,(anonymous_2)
FN:23,(anonymous_3)
FN:27,(anonymous_4)
FN:29,(anonymous_5)
FN:37,(anonymous_6)
FN:41,(anonymous_7)
FN:46,(anonymous_8)
FN:48,(anonymous_9)
FN:49,(anonymous_10)
FNF:11
FNH:11
FNDA:2,(anonymous_0)
FNDA:26,(anonymous_1)
FNDA:1,(anonymous_2)
FNDA:5,(anonymous_3)
FNDA:3,(anonymous_4)
FNDA:17,(anonymous_5)
FNDA:1,(anonymous_6)
FNDA:3,(anonymous_7)
FNDA:1,(anonymous_8)
FNDA:5,(anonymous_9)
FNDA:3,(anonymous_10)
DA:5,2
DA:9,26
DA:10,2
DA:12,24
DA:20,1
DA:24,5
DA:28,3
DA:29,3
DA:30,17
DA:32,3
DA:38,1
DA:42,3
DA:43,3
DA:47,1
DA:48,5
DA:49,1
DA:50,3
DA:52,1
LF:18
LH:18
BRDA:9,0,0,2
BRDA:9,0,1,24
BRF:2
BRH:2
end_of_record
TN:
SF:scripts/maps.js
FNF:0
FNH:0
DA:1,1
DA:30,1
LF:2
LH:2
BRF:0
BRH:0
end_of_record
